# HẾT THƯƠNG CẠN NHỚ - ĐỨC PHÚC | OFFICIAL MUSIC VIDEO
https://www.youtube.com/watch?v=DZDYZ9nRHfU

# NGÀY ĐẦU TIÊN - ĐỨC PHÚC | OFFICIAL MUSIC VIDEO | VALENTINE 2022
https://www.youtube.com/watch?v=rIXhXaQ8tiM

# HƠN CẢ YÊU - ĐỨC PHÚC | OFFICIAL MUSIC VIDEO
https://www.youtube.com/watch?v=__kGJZ-kPno

# NGƯỜI ƠI NGƯỜI Ở ĐỪNG VỀ - ĐỨC PHÚC x SUBOI | OFFICIAL MUSIC VIDEO
https://www.youtube.com/watch?v=PP_Fu65IqNc

# HẾT THƯƠNG CẠN NHỚ - ĐỨC PHÚC | OFFICIAL MUSIC VIDEO
https://www.youtube.com/watch?v=DZDYZ9nRHfU

# Gác lại âu lo - Da LAB ft. Miu Lê (Official MV)
https://www.youtube.com/watch?v=ECxVfrwwTp0

# Thức Giấc - Da LAB (Official Music Video)
https://www.youtube.com/watch?v=R3trO4a49go

# BỐN CHỮ LẮM (MV) - TRÚC NHÂN - TRƯƠNG THẢO NHI [ Chất Lượng 4k]
https://www.youtube.com/watch?v=i724lraI93s&list=PLtqdDpo7vqmXsxCI-X_5PvMaRHevlM1zK&index=5

# SÁNG MẮT CHƯA? (MV) | TRÚC NHÂN (#SMC?) | ตาสว่างหรือยัง
https://www.youtube.com/watch?v=rDhx4ejrPPA&list=PLtqdDpo7vqmXsxCI-X_5PvMaRHevlM1zK&index=1

# LỚN RỒI CÒN KHÓC NHÈ  ( MV ) | TRÚC NHÂN (#LRCKN)
https://www.youtube.com/watch?v=pFSQh_5QE40&list=PLtqdDpo7vqmXsxCI-X_5PvMaRHevlM1zK&index=2

# NGƯỜI TA CÓ THƯƠNG MÌNH ĐÂU ( MV ) | TRÚC NHÂN (#NTCTMD)
https://www.youtube.com/watch?v=Ya-btLv0WG0&list=PLtqdDpo7vqmXsxCI-X_5PvMaRHevlM1zK&index=3

# THẬT BẤT NGỜ (MV) - TRÚC NHÂN
https://www.youtube.com/watch?v=YUAmi7Q2F0Y

# Trúc Nhân | Có Không Giữ Mất Đừng Tìm | Official MV | special guest Miu Lê
https://www.youtube.com/watch?v=kdVeYgGtO3Q
# (Everything I Do) I Do It For You - Bryan Adams (Boyce Avenue ft. Connie Talbot acoustic cover)
https://www.youtube.com/watch?v=FeluT-nU0Qk
